<?xml version="1.0" encoding="UTF-8"?>
<testsuite name="hwangjihun.members.MembersApplicationTests" tests="1" skipped="0" failures="0" errors="0" timestamp="2022-12-12T03:21:12" hostname="DESKTOP-PCVPH1C" time="0.019">
  <properties/>
  <testcase name="contextLoads()" classname="hwangjihun.members.MembersApplicationTests" time="0.019"/>
  <system-out><![CDATA[s = 80
s = 90
]]></system-out>
  <system-err><![CDATA[]]></system-err>
</testsuite>
